<?xml version="1.0" encoding="UTF-8"?>
<robot generator="Robot 7.0 (Python 3.8.2 on win32)" generated="2024-08-14T12:44:25.872447" rpa="false" schemaversion="5">
<suite id="s1" name="Testjson" source="F:\Live Project\RFW\Robot-Automation\API_Testing\TestCases\testjson.robot">
<test id="s1-t1" name="ValidatingTest" line="9">
<kw name="Load Json From File" owner="JSONLibrary">
<msg time="2024-08-14T12:44:26.076365" level="INFO">${data} = {'id': 1, 'first_name': 'Ody', 'last_name': 'Rockey', 'email': 'orockey0@businessinsider.com', 'personal': {'best_friend': 'Ody Rockey', 'favorite_color': 'Aquamarine', 'favorite_word': 'faucibus', 'p...</msg>
<var>${data}</var>
<arg>F:/Live Project/RFW/Robot-Automation/Json_Testing/test.json</arg>
<doc>Load JSON from file.</doc>
<status status="PASS" start="2024-08-14T12:44:26.076365" elapsed="0.000000"/>
</kw>
<kw name="Get Value From Json" owner="JSONLibrary">
<msg time="2024-08-14T12:44:26.091999" level="INFO">${get_first_name} = ['Ody']</msg>
<var>${get_first_name}</var>
<arg>${data}</arg>
<arg>$.first_name</arg>
<doc>Get Value From JSON using JSONPath</doc>
<status status="PASS" start="2024-08-14T12:44:26.076365" elapsed="0.015634"/>
</kw>
<kw name="Get Value From Json" owner="JSONLibrary">
<msg time="2024-08-14T12:44:26.123251" level="INFO">${get_last_name} = ['Rockey']</msg>
<var>${get_last_name}</var>
<arg>${data}</arg>
<arg>$.last_name</arg>
<doc>Get Value From JSON using JSONPath</doc>
<status status="PASS" start="2024-08-14T12:44:26.091999" elapsed="0.035762"/>
</kw>
<kw name="Get Value From Json" owner="JSONLibrary">
<msg time="2024-08-14T12:44:26.139347" level="INFO">${get_hair_color} = ['Purple']</msg>
<var>${get_hair_color}</var>
<arg>${data}</arg>
<arg>$.personal.physical_features.hair_color</arg>
<doc>Get Value From JSON using JSONPath</doc>
<status status="PASS" start="2024-08-14T12:44:26.127761" elapsed="0.011586"/>
</kw>
<kw name="Get Value From Json" owner="JSONLibrary">
<msg time="2024-08-14T12:44:26.170650" level="INFO">${gender} = ['Male']</msg>
<var>${gender}</var>
<arg>${data}</arg>
<arg>$.personal.physical_features.gender</arg>
<doc>Get Value From JSON using JSONPath</doc>
<status status="PASS" start="2024-08-14T12:44:26.139347" elapsed="0.031303"/>
</kw>
<kw name="Log To Console" owner="BuiltIn">
<arg>${get_hair_color[0]}</arg>
<doc>Logs the given message to the console.</doc>
<status status="PASS" start="2024-08-14T12:44:26.170650" elapsed="0.000000"/>
</kw>
<kw name="Should Be Equal" owner="BuiltIn">
<arg>${get_first_name[0]}</arg>
<arg>Ody</arg>
<doc>Fails if the given objects are unequal.</doc>
<status status="PASS" start="2024-08-14T12:44:26.170650" elapsed="0.000000"/>
</kw>
<kw name="Should Be Equal" owner="BuiltIn">
<arg>${get_last_name[0]}</arg>
<arg>Rockey</arg>
<doc>Fails if the given objects are unequal.</doc>
<status status="PASS" start="2024-08-14T12:44:26.170650" elapsed="0.000000"/>
</kw>
<kw name="Should Be Equal" owner="BuiltIn">
<arg>${get_hair_color[0]}</arg>
<arg>Purple</arg>
<doc>Fails if the given objects are unequal.</doc>
<status status="PASS" start="2024-08-14T12:44:26.170650" elapsed="0.000000"/>
</kw>
<kw name="Should Be Equal" owner="BuiltIn">
<arg>${gender[0]}</arg>
<arg>Male</arg>
<doc>Fails if the given objects are unequal.</doc>
<status status="PASS" start="2024-08-14T12:44:26.170650" elapsed="0.015580"/>
</kw>
<status status="PASS" start="2024-08-14T12:44:26.076365" elapsed="0.109865"/>
</test>
<status status="PASS" start="2024-08-14T12:44:25.872447" elapsed="0.313783"/>
</suite>
<statistics>
<total>
<stat pass="1" fail="0" skip="0">All Tests</stat>
</total>
<tag>
</tag>
<suite>
<stat pass="1" fail="0" skip="0" id="s1" name="Testjson">Testjson</stat>
</suite>
</statistics>
<errors>
</errors>
</robot>
